<?xml version="1.0" encoding="UTF-8"?>
<!-- Generated by org.testng.reporters.JUnitReportReporter -->
<testsuite skipped="0" hostname="HSC-PG00AZYJ" name="org.tek.APIAutomation.VerifyPost" tests="1" failures="0" timestamp="01 Aug 2019 10:02:42 GMT" time="3.935" errors="0">
  <testcase name="testPost" time="3.935" classname="org.tek.APIAutomation.VerifyPost"/>
</testsuite> <!-- org.tek.APIAutomation.VerifyPost -->
