<?xml version="1.0" encoding="UTF-8"?>
<!-- Generated by org.testng.reporters.JUnitReportReporter -->
<testsuite skipped="0" hostname="apples-MacBook-Pro.local" name="org.tek.APIAutomation.WeatherAPIUsingParams" tests="1" failures="0" timestamp="2021-11-17T10:23:52 IST" time="12.927" errors="0">
  <testcase name="getStatusCodeUsingAssert" time="12.927" classname="org.tek.APIAutomation.WeatherAPIUsingParams"/>
</testsuite> <!-- org.tek.APIAutomation.WeatherAPIUsingParams -->
