<?xml version="1.0" encoding="UTF-8"?>
<!-- Generated by org.testng.reporters.JUnitReportReporter -->
<testsuite skipped="0" hostname="apples-MacBook-Pro.local" name="org.tek.APIAutomation.VerifyGet" tests="1" failures="0" timestamp="2021-03-17T15:44:30 IST" time="10.471" errors="0">
  <testcase name="testReturnTypeData" time="10.471" classname="org.tek.APIAutomation.VerifyGet"/>
</testsuite> <!-- org.tek.APIAutomation.VerifyGet -->
