<?xml version="1.0" encoding="UTF-8"?>
<!-- Generated by org.testng.reporters.JUnitReportReporter -->
<testsuite skipped="0" hostname="HSC-PG00AZYJ" name="org.tek.APIAutomation.TestPostRequest" tests="4" failures="0" timestamp="02 Aug 2019 09:13:19 GMT" time="3.924" errors="0">
  <testcase name="testPost" time="3.783" classname="org.tek.APIAutomation.TestPostRequest"/>
  <testcase name="testPut" time="0.071" classname="org.tek.APIAutomation.TestPostRequest"/>
  <testcase name="testPatch" time="0.033" classname="org.tek.APIAutomation.TestPostRequest"/>
  <testcase name="testGet" time="0.037" classname="org.tek.APIAutomation.TestPostRequest"/>
</testsuite> <!-- org.tek.APIAutomation.TestPostRequest -->
