<?xml version="1.0" encoding="UTF-8"?>
<!-- Generated by org.testng.reporters.JUnitReportReporter -->
<testsuite skipped="0" hostname="HSC-PG00AZYJ" name="org.tek.APIAutomation.GetExpertiseData" tests="2" failures="0" timestamp="02 Aug 2019 09:59:44 GMT" time="3.285" errors="0">
  <testcase name="postidinProfile" time="0.214" classname="org.tek.APIAutomation.GetExpertiseData"/>
  <testcase name="getExpertsDataSeleniumIds" time="3.071" classname="org.tek.APIAutomation.GetExpertiseData"/>
</testsuite> <!-- org.tek.APIAutomation.GetExpertiseData -->
