<?xml version="1.0" encoding="UTF-8"?>
<!-- Generated by org.testng.reporters.JUnitReportReporter -->
<testsuite skipped="0" hostname="apples-MacBook-Pro.local" name="org.tek.APIAutomation.WeatherAPIUsingCityName" tests="3" failures="0" timestamp="2021-11-17T09:18:04 IST" time="25.401" errors="0">
  <testcase name="getData" time="13.024" classname="org.tek.APIAutomation.WeatherAPIUsingCityName"/>
  <testcase name="getTime" time="6.205" classname="org.tek.APIAutomation.WeatherAPIUsingCityName"/>
  <testcase name="getStatusCode" time="6.172" classname="org.tek.APIAutomation.WeatherAPIUsingCityName"/>
</testsuite> <!-- org.tek.APIAutomation.WeatherAPIUsingCityName -->
