<?xml version="1.0" encoding="UTF-8"?>
<!-- Generated by org.testng.reporters.JUnitReportReporter -->
<testsuite skipped="0" hostname="apples-MacBook-Pro.local" name="org.tek.APIAutomation.WeatherAPIUsingGetRequest" tests="1" failures="0" timestamp="2021-11-17T09:19:25 IST" time="14.975" errors="0">
  <testcase name="getStatusCode" time="14.975" classname="org.tek.APIAutomation.WeatherAPIUsingGetRequest"/>
</testsuite> <!-- org.tek.APIAutomation.WeatherAPIUsingGetRequest -->
